<?xml version="1.0" encoding="UTF-8"?>
<!-- Generated by org.testng.reporters.JUnitXMLReporter -->
<testsuite ignored="0" hostname="DESKTOP-E3FNQHB" failures="0" tests="2" name="Default test" time="55.168" errors="0" timestamp="2023-02-21T15:33:55 IST">
  <testcase classname="OrangeHRM_Test_Run.OrangeHRM_001_Performance" name="PEM_001_Configure_Kpis" time="25.038"/>
  <testcase classname="OrangeHRM_Test_Run.OrangeHRM_001_Performance" name="PEM_002_Configure_Trackers" time="15.844"/>
</testsuite> <!-- Default test -->
