<?xml version="1.0" encoding="UTF-8"?>
<!-- Generated by org.testng.reporters.JUnitXMLReporter -->
<testsuite ignored="0" hostname="DESKTOP-E3FNQHB" failures="0" tests="6" name="Test" time="120.094" errors="0" timestamp="2023-01-24T16:34:36 IST">
  <testcase classname="OrangeHRM_Test_Run.OrangeHRm_001_Myinfo" name="MYI_01_Personal_details" time="35.312"/>
  <testcase classname="OrangeHRM_Test_Run.OrangeHRm_001_Myinfo" name="MYI_02_Contact_Details" time="14.975"/>
  <testcase classname="OrangeHRM_Test_Run.OrangeHRm_001_Myinfo" name="MYI_03_Emergency_Contacts" time="19.576"/>
  <testcase classname="OrangeHRM_Test_Run.OrangeHRm_001_Myinfo" name="MYI_04_Dependents" time="17.916"/>
  <testcase classname="OrangeHRM_Test_Run.OrangeHRm_001_Myinfo" name="MYI_05_Immigration_passport" time="12.613"/>
  <testcase classname="OrangeHRM_Test_Run.OrangeHRm_001_Myinfo" name="MYI_06_Immigration_vice" time="12.087"/>
</testsuite> <!-- Test -->
